<?xml version="1.0" encoding="UTF-8"?>
<testsuite name="StringUtilsTest" tests="1" skipped="0" failures="0" errors="0" timestamp="2022-01-06T20:38:41" hostname="DESKTOP-EL0T0VD" time="0.036">
  <properties/>
  <testcase name="isPositiveNumberTest()" classname="StringUtilsTest" time="0.036"/>
  <system-out><![CDATA[]]></system-out>
  <system-err><![CDATA[]]></system-err>
</testsuite>
